<?xml version="1.0" encoding="UTF-8"?>
<!-- Generated by org.testng.reporters.JUnitReportReporter -->
<testsuite skipped="0" hostname="DESKTOP-P52D93K" name="muttu.muttu.LoginPage" tests="1" failures="0" timestamp="24 Feb 2019 17:48:20 GMT" time="0.012" errors="0">
  <testcase name="login" time="0.012" classname="muttu.muttu.LoginPage"/>
</testsuite> <!-- muttu.muttu.LoginPage -->
